<?xml version="1.0" encoding="UTF-8"?>
<testng-results total="1" passed="1" failed="0" skipped="0">
  <reporter-output>
  </reporter-output>
  <suite started-at="2020-09-13T18:12:40Z" name="Default suite" finished-at="2020-09-13T18:12:42Z" duration-ms="2631">
    <groups>
    </groups>
    <test started-at="2020-09-13T18:12:40Z" name="Default test" finished-at="2020-09-13T18:12:42Z" duration-ms="2631">
      <class name="sumValidationComplexJSON">
        <test-method signature="SumOfCourses()[pri:0, instance:sumValidationComplexJSON@3ddc6915]" started-at="2020-09-13T19:12:40Z" name="SumOfCourses" finished-at="2020-09-13T19:12:42Z" duration-ms="2612" status="PASS">
          <reporter-output>
          </reporter-output>
        </test-method> <!-- SumOfCourses -->
      </class> <!-- sumValidationComplexJSON -->
    </test> <!-- Default test -->
  </suite> <!-- Default suite -->
</testng-results>
